<?xml version="1.0" encoding="UTF-8"?>
<testsuite name="com.uber.rib.root.home.HomeRouterTest" tests="1" skipped="0" failures="0" errors="0" timestamp="2018-04-17T17:45:36" hostname="Stephens-MacBook-Pro.local" time="2.288">
  <properties/>
  <testcase name="anExampleTest_withSomeConditions_shouldPass" classname="com.uber.rib.root.home.HomeRouterTest" time="2.288"/>
  <system-out><![CDATA[]]></system-out>
  <system-err><![CDATA[]]></system-err>
</testsuite>
