<?xml version="1.0" encoding="UTF-8"?>
<testsuite name="com.uber.rib.root.home.HomeInteractorTest" tests="1" skipped="0" failures="0" errors="0" timestamp="2018-04-17T19:00:42" hostname="Stephens-MacBook-Pro.local" time="0.455">
  <properties/>
  <testcase name="attach_whenViewPlayGame_shouldCallListener" classname="com.uber.rib.root.home.HomeInteractorTest" time="0.455"/>
  <system-out><![CDATA[]]></system-out>
  <system-err><![CDATA[]]></system-err>
</testsuite>
