<?xml version="1.0" encoding="UTF-8"?>
<testsuite name="com.uber.rib.root.game.GameInteractorTest" tests="1" skipped="0" failures="0" errors="0" timestamp="2018-04-11T05:35:30" hostname="Stephens-MacBook-Pro.local" time="0.177">
  <properties/>
  <testcase name="anExampleTest_withSomeConditions_shouldPass" classname="com.uber.rib.root.game.GameInteractorTest" time="0.177"/>
  <system-out><![CDATA[]]></system-out>
  <system-err><![CDATA[]]></system-err>
</testsuite>
